{"C:\\Users\\Stephen\\Desktop\\New folder\\To-Do_List\\src\\modules\\boolean.js": {"path":"C:\\Users\\Stephen\\Desktop\\New folder\\To-Do_List\\src\\modules\\boolean.js","statementMap":{"0":{"start":{"line":2,"column":26},"end":{"line":4,"column":5}},"1":{"start":{"line":3,"column":6},"end":{"line":3,"column":30}}},"fnMap":{"0":{"name":"(anonymous_0)","decl":{"start":{"line":2,"column":26},"end":{"line":2,"column":27}},"loc":{"start":{"line":2,"column":44},"end":{"line":4,"column":5}},"line":2}},"branchMap":{},"s":{"0":1,"1":0},"f":{"0":0},"b":{},"_coverageSchema":"1a1c01bbd47fc00a2c39e90264f33305004495a9","hash":"afec01466543ca65b7361b25a0d220a6b3e27276"}
,"C:\\Users\\Stephen\\Desktop\\New folder\\To-Do_List\\src\\modules\\storage.js": {"path":"C:\\Users\\Stephen\\Desktop\\New folder\\To-Do_List\\src\\modules\\storage.js","statementMap":{"0":{"start":{"line":2,"column":18},"end":{"line":4,"column":5}},"1":{"start":{"line":3,"column":6},"end":{"line":3,"column":59}},"2":{"start":{"line":6,"column":16},"end":{"line":8,"column":9}},"3":{"start":{"line":6,"column":23},"end":{"line":8,"column":8}}},"fnMap":{"0":{"name":"(anonymous_0)","decl":{"start":{"line":2,"column":18},"end":{"line":2,"column":19}},"loc":{"start":{"line":2,"column":28},"end":{"line":4,"column":5}},"line":2},"1":{"name":"(anonymous_1)","decl":{"start":{"line":6,"column":16},"end":{"line":6,"column":17}},"loc":{"start":{"line":6,"column":23},"end":{"line":8,"column":8}},"line":6}},"branchMap":{"0":{"loc":{"start":{"line":6,"column":23},"end":{"line":8,"column":8}},"type":"cond-expr","locations":[{"start":{"line":7,"column":6},"end":{"line":7,"column":48}},{"start":{"line":8,"column":6},"end":{"line":8,"column":8}}],"line":6}},"s":{"0":1,"1":27,"2":1,"3":17},"f":{"0":27,"1":17},"b":{"0":[16,1]},"_coverageSchema":"1a1c01bbd47fc00a2c39e90264f33305004495a9","hash":"c4378585805fadf988347c484ee1147b2b53add2"}
,"C:\\Users\\Stephen\\Desktop\\New folder\\To-Do_List\\src\\modules\\todo.js": {"path":"C:\\Users\\Stephen\\Desktop\\New folder\\To-Do_List\\src\\modules\\todo.js","statementMap":{"0":{"start":{"line":3,"column":4},"end":{"line":3,"column":23}},"1":{"start":{"line":4,"column":4},"end":{"line":4,"column":27}},"2":{"start":{"line":5,"column":4},"end":{"line":5,"column":31}}},"fnMap":{"0":{"name":"(anonymous_0)","decl":{"start":{"line":2,"column":2},"end":{"line":2,"column":3}},"loc":{"start":{"line":2,"column":41},"end":{"line":6,"column":3}},"line":2}},"branchMap":{},"s":{"0":17,"1":17,"2":17},"f":{"0":17},"b":{},"_coverageSchema":"1a1c01bbd47fc00a2c39e90264f33305004495a9","hash":"ba9e2c4ba385cd89f41ec9a7f0c8e75ca4ae7013"}
,"C:\\Users\\Stephen\\Desktop\\New folder\\To-Do_List\\src\\modules\\todos.js": {"path":"C:\\Users\\Stephen\\Desktop\\New folder\\To-Do_List\\src\\modules\\todos.js","statementMap":{"0":{"start":{"line":8,"column":4},"end":{"line":8,"column":32}},"1":{"start":{"line":11,"column":13},"end":{"line":11,"column":81}},"2":{"start":{"line":11,"column":19},"end":{"line":11,"column":81}},"3":{"start":{"line":11,"column":54},"end":{"line":11,"column":80}},"4":{"start":{"line":13,"column":12},"end":{"line":13,"column":44}},"5":{"start":{"line":13,"column":23},"end":{"line":13,"column":44}},"6":{"start":{"line":15,"column":12},"end":{"line":20,"column":3}},"7":{"start":{"line":16,"column":20},"end":{"line":16,"column":71}},"8":{"start":{"line":17,"column":4},"end":{"line":17,"column":29}},"9":{"start":{"line":18,"column":4},"end":{"line":18,"column":29}},"10":{"start":{"line":19,"column":4},"end":{"line":19,"column":19}},"11":{"start":{"line":22,"column":15},"end":{"line":36,"column":3}},"12":{"start":{"line":23,"column":21},"end":{"line":23,"column":23}},"13":{"start":{"line":24,"column":22},"end":{"line":24,"column":31}},"14":{"start":{"line":26,"column":4},"end":{"line":33,"column":7}},"15":{"start":{"line":27,"column":6},"end":{"line":32,"column":7}},"16":{"start":{"line":28,"column":8},"end":{"line":28,"column":25}},"17":{"start":{"line":29,"column":13},"end":{"line":32,"column":7}},"18":{"start":{"line":30,"column":8},"end":{"line":30,"column":20}},"19":{"start":{"line":31,"column":8},"end":{"line":31,"column":25}},"20":{"start":{"line":34,"column":4},"end":{"line":34,"column":26}},"21":{"start":{"line":35,"column":4},"end":{"line":35,"column":29}},"22":{"start":{"line":38,"column":15},"end":{"line":44,"column":3}},"23":{"start":{"line":39,"column":4},"end":{"line":39,"column":44}},"24":{"start":{"line":40,"column":4},"end":{"line":40,"column":48}},"25":{"start":{"line":41,"column":4},"end":{"line":41,"column":29}},"26":{"start":{"line":43,"column":4},"end":{"line":43,"column":33}},"27":{"start":{"line":46,"column":17},"end":{"line":50,"column":3}},"28":{"start":{"line":47,"column":4},"end":{"line":47,"column":58}},"29":{"start":{"line":48,"column":4},"end":{"line":48,"column":29}},"30":{"start":{"line":49,"column":4},"end":{"line":49,"column":31}},"31":{"start":{"line":52,"column":19},"end":{"line":59,"column":3}},"32":{"start":{"line":53,"column":4},"end":{"line":53,"column":65}},"33":{"start":{"line":53,"column":42},"end":{"line":53,"column":63}},"34":{"start":{"line":54,"column":4},"end":{"line":56,"column":7}},"35":{"start":{"line":55,"column":6},"end":{"line":55,"column":29}},"36":{"start":{"line":57,"column":4},"end":{"line":57,"column":29}},"37":{"start":{"line":58,"column":4},"end":{"line":58,"column":22}}},"fnMap":{"0":{"name":"(anonymous_0)","decl":{"start":{"line":7,"column":2},"end":{"line":7,"column":3}},"loc":{"start":{"line":7,"column":16},"end":{"line":9,"column":3}},"line":7},"1":{"name":"(anonymous_1)","decl":{"start":{"line":11,"column":13},"end":{"line":11,"column":14}},"loc":{"start":{"line":11,"column":19},"end":{"line":11,"column":81}},"line":11},"2":{"name":"(anonymous_2)","decl":{"start":{"line":11,"column":35},"end":{"line":11,"column":36}},"loc":{"start":{"line":11,"column":54},"end":{"line":11,"column":80}},"line":11},"3":{"name":"(anonymous_3)","decl":{"start":{"line":13,"column":12},"end":{"line":13,"column":13}},"loc":{"start":{"line":13,"column":23},"end":{"line":13,"column":44}},"line":13},"4":{"name":"(anonymous_4)","decl":{"start":{"line":15,"column":12},"end":{"line":15,"column":13}},"loc":{"start":{"line":15,"column":44},"end":{"line":20,"column":3}},"line":15},"5":{"name":"(anonymous_5)","decl":{"start":{"line":22,"column":15},"end":{"line":22,"column":16}},"loc":{"start":{"line":22,"column":26},"end":{"line":36,"column":3}},"line":22},"6":{"name":"(anonymous_6)","decl":{"start":{"line":26,"column":23},"end":{"line":26,"column":24}},"loc":{"start":{"line":26,"column":33},"end":{"line":33,"column":5}},"line":26},"7":{"name":"(anonymous_7)","decl":{"start":{"line":38,"column":15},"end":{"line":38,"column":16}},"loc":{"start":{"line":38,"column":46},"end":{"line":44,"column":3}},"line":38},"8":{"name":"(anonymous_8)","decl":{"start":{"line":46,"column":17},"end":{"line":46,"column":18}},"loc":{"start":{"line":46,"column":36},"end":{"line":50,"column":3}},"line":46},"9":{"name":"(anonymous_9)","decl":{"start":{"line":52,"column":19},"end":{"line":52,"column":20}},"loc":{"start":{"line":52,"column":25},"end":{"line":59,"column":3}},"line":52},"10":{"name":"(anonymous_10)","decl":{"start":{"line":53,"column":35},"end":{"line":53,"column":36}},"loc":{"start":{"line":53,"column":42},"end":{"line":53,"column":63}},"line":53},"11":{"name":"(anonymous_11)","decl":{"start":{"line":54,"column":23},"end":{"line":54,"column":24}},"loc":{"start":{"line":54,"column":40},"end":{"line":56,"column":5}},"line":54}},"branchMap":{"0":{"loc":{"start":{"line":15,"column":22},"end":{"line":15,"column":39}},"type":"default-arg","locations":[{"start":{"line":15,"column":34},"end":{"line":15,"column":39}}],"line":15},"1":{"loc":{"start":{"line":27,"column":6},"end":{"line":32,"column":7}},"type":"if","locations":[{"start":{"line":27,"column":6},"end":{"line":32,"column":7}},{"start":{"line":29,"column":13},"end":{"line":32,"column":7}}],"line":27},"2":{"loc":{"start":{"line":29,"column":13},"end":{"line":32,"column":7}},"type":"if","locations":[{"start":{"line":29,"column":13},"end":{"line":32,"column":7}},{"start":{},"end":{}}],"line":29}},"s":{"0":17,"1":17,"2":0,"3":0,"4":17,"5":0,"6":17,"7":17,"8":17,"9":17,"10":17,"11":17,"12":7,"13":7,"14":7,"15":51,"16":28,"17":23,"18":19,"19":19,"20":7,"21":7,"22":17,"23":0,"24":0,"25":0,"26":0,"27":17,"28":0,"29":0,"30":0,"31":17,"32":3,"33":25,"34":3,"35":18,"36":3,"37":3},"f":{"0":17,"1":0,"2":0,"3":0,"4":17,"5":7,"6":51,"7":0,"8":0,"9":3,"10":25,"11":18},"b":{"0":[0],"1":[28,23],"2":[19,4]},"_coverageSchema":"1a1c01bbd47fc00a2c39e90264f33305004495a9","hash":"abf4834053f2e65259713fe28bdfbfb550f230eb"}
}
