TN:
SF:src\modules\boolean.js
FN:2,(anonymous_0)
FNF:1
FNH:0
FNDA:0,(anonymous_0)
DA:2,1
DA:3,0
LF:2
LH:1
BRF:0
BRH:0
end_of_record
TN:
SF:src\modules\storage.js
FN:2,(anonymous_0)
FN:6,(anonymous_1)
FNF:2
FNH:2
FNDA:30,(anonymous_0)
FNDA:18,(anonymous_1)
DA:2,1
DA:3,30
DA:6,18
LF:3
LH:3
BRDA:6,0,0,17
BRDA:6,0,1,1
BRF:2
BRH:2
end_of_record
TN:
SF:src\modules\todo.js
FN:2,(anonymous_0)
FNF:1
FNH:1
FNDA:19,(anonymous_0)
DA:3,19
DA:4,19
DA:5,19
LF:3
LH:3
BRF:0
BRH:0
end_of_record
TN:
SF:src\modules\todos.js
FN:7,(anonymous_0)
FN:11,(anonymous_1)
FN:11,(anonymous_2)
FN:13,(anonymous_3)
FN:15,(anonymous_4)
FN:22,(anonymous_5)
FN:26,(anonymous_6)
FN:38,(anonymous_7)
FN:46,(anonymous_8)
FN:52,(anonymous_9)
FN:53,(anonymous_10)
FN:54,(anonymous_11)
FNF:12
FNH:7
FNDA:18,(anonymous_0)
FNDA:0,(anonymous_1)
FNDA:0,(anonymous_2)
FNDA:0,(anonymous_3)
FNDA:19,(anonymous_4)
FNDA:8,(anonymous_5)
FNDA:59,(anonymous_6)
FNDA:0,(anonymous_7)
FNDA:0,(anonymous_8)
FNDA:3,(anonymous_9)
FNDA:25,(anonymous_10)
FNDA:18,(anonymous_11)
DA:8,18
DA:11,18
DA:13,18
DA:15,18
DA:16,19
DA:17,19
DA:18,19
DA:19,19
DA:22,18
DA:23,8
DA:24,8
DA:26,8
DA:27,59
DA:28,30
DA:29,29
DA:30,24
DA:31,24
DA:34,8
DA:35,8
DA:38,18
DA:39,0
DA:40,0
DA:41,0
DA:43,0
DA:46,18
DA:47,0
DA:48,0
DA:49,0
DA:52,18
DA:53,25
DA:54,3
DA:55,18
DA:57,3
DA:58,3
LF:34
LH:27
BRDA:15,0,0,0
BRDA:27,1,0,30
BRDA:27,1,1,29
BRDA:29,2,0,24
BRDA:29,2,1,5
BRF:5
BRH:4
end_of_record
