TN:
SF:src\modules\boolean.js
FN:2,(anonymous_0)
FNF:1
FNH:0
FNDA:0,(anonymous_0)
DA:2,1
DA:3,0
LF:2
LH:1
BRF:0
BRH:0
end_of_record
TN:
SF:src\modules\storage.js
FN:2,(anonymous_0)
FN:6,(anonymous_1)
FNF:2
FNH:2
FNDA:8,(anonymous_0)
FNDA:4,(anonymous_1)
DA:2,1
DA:3,8
DA:6,4
LF:3
LH:3
BRDA:6,0,0,3
BRDA:6,0,1,1
BRF:2
BRH:2
end_of_record
TN:
SF:src\modules\todo.js
FN:2,(anonymous_0)
FNF:1
FNH:1
FNDA:5,(anonymous_0)
DA:3,5
DA:4,5
DA:5,5
LF:3
LH:3
BRF:0
BRH:0
end_of_record
TN:
SF:src\modules\todos.js
FN:7,(anonymous_0)
FN:11,(anonymous_1)
FN:11,(anonymous_2)
FN:13,(anonymous_3)
FN:15,(anonymous_4)
FN:22,(anonymous_5)
FN:26,(anonymous_6)
FN:38,(anonymous_7)
FN:46,(anonymous_8)
FN:52,(anonymous_9)
FN:53,(anonymous_10)
FN:54,(anonymous_11)
FNF:12
FNH:4
FNDA:4,(anonymous_0)
FNDA:0,(anonymous_1)
FNDA:0,(anonymous_2)
FNDA:0,(anonymous_3)
FNDA:5,(anonymous_4)
FNDA:3,(anonymous_5)
FNDA:9,(anonymous_6)
FNDA:0,(anonymous_7)
FNDA:0,(anonymous_8)
FNDA:0,(anonymous_9)
FNDA:0,(anonymous_10)
FNDA:0,(anonymous_11)
DA:8,4
DA:11,4
DA:13,4
DA:15,4
DA:16,5
DA:17,5
DA:18,5
DA:19,5
DA:22,4
DA:23,3
DA:24,3
DA:26,3
DA:27,9
DA:28,4
DA:29,5
DA:30,3
DA:31,3
DA:34,3
DA:35,3
DA:38,4
DA:39,0
DA:40,0
DA:41,0
DA:43,0
DA:46,4
DA:47,0
DA:48,0
DA:49,0
DA:52,4
DA:53,0
DA:54,0
DA:55,0
DA:57,0
DA:58,0
LF:34
LH:22
BRDA:15,0,0,0
BRDA:27,1,0,4
BRDA:27,1,1,5
BRDA:29,2,0,3
BRDA:29,2,1,2
BRF:5
BRH:4
end_of_record
